TN:
SF:linkedList.js
FN:2,(anonymous_0)
FN:6,(anonymous_1)
FN:11,(anonymous_2)
FN:21,(anonymous_3)
FN:32,(anonymous_4)
FN:37,(anonymous_5)
FN:48,(anonymous_6)
FN:60,(anonymous_7)
FN:69,(anonymous_8)
FNF:9
FNH:8
FNDA:14,(anonymous_0)
FNDA:37,(anonymous_1)
FNDA:12,(anonymous_2)
FNDA:4,(anonymous_3)
FNDA:2,(anonymous_4)
FNDA:4,(anonymous_5)
FNDA:0,(anonymous_6)
FNDA:38,(anonymous_7)
FNDA:13,(anonymous_8)
DA:3,14
DA:4,14
DA:7,37
DA:8,37
DA:9,37
DA:12,12
DA:14,6
DA:15,6
DA:16,7
DA:18,6
DA:22,4
DA:24,3
DA:25,3
DA:27,1
DA:29,1
DA:33,2
DA:34,2
DA:38,4
DA:40,3
DA:41,3
DA:43,1
DA:45,1
DA:49,0
DA:50,0
DA:51,0
DA:52,0
DA:53,0
DA:55,0
DA:61,38
DA:62,38
DA:69,1
DA:70,13
DA:73,13
DA:74,34
DA:76,13
DA:79,1
LF:36
LH:30
BRDA:12,0,0,6
BRDA:12,0,1,6
BRDA:12,1,0,12
BRDA:12,1,1,9
BRDA:22,2,0,1
BRDA:22,2,1,3
BRDA:25,3,0,2
BRDA:25,3,1,1
BRDA:38,4,0,1
BRDA:38,4,1,3
BRDA:41,5,0,2
BRDA:41,5,1,1
BRF:12
BRH:12
end_of_record
